Using pre-set license
Built from '2020.2/release' branch; Version is '2020.2.4f1 (becced5a802b) revision 12504301'; Using compiler version '192528614'; Build Type 'Release'
OS: 'Windows 10 Home; OS build 19041.928; Version 2004; 64bit' Language: 'en' Physical Memory: 16317 MB
BatchMode: 1, IsHumanControllingUs: 0, StartBugReporterOnCrash: 0, Is64bit: 1, IsPro: 0

 COMMAND LINE ARGUMENTS:
C:\Program Files\Unity\Hub\Editor\2020.2.4f1\Editor\Unity.exe
-adb2
-batchMode
-noUpm
-name
AssetImportWorker0
-projectPath
D:/Unity Projects/MorphosisEntity/GameEnginesJamFinal
-logFile
Logs/AssetImportWorker0.log
-srvPort
52381
Successfully changed project path to: D:/Unity Projects/MorphosisEntity/GameEnginesJamFinal
D:/Unity Projects/MorphosisEntity/GameEnginesJamFinal
Using Asset Import Pipeline V2.
Refreshing native plugins compatible for Editor in 19.33 ms, found 0 plugins.
Preloading 0 native plugins for Editor in 0.00 ms.
Initialize engine version: 2020.2.4f1 (becced5a802b)
[Subsystems] Discovering subsystems at path C:/Program Files/Unity/Hub/Editor/2020.2.4f1/Editor/Data/Resources/UnitySubsystems
[Subsystems] Discovering subsystems at path D:/Unity Projects/MorphosisEntity/GameEnginesJamFinal/Assets
GfxDevice: creating device client; threaded=0
Direct3D:
    Version:  Direct3D 11.0 [level 11.1]
    Renderer: NVIDIA GeForce RTX 2060 SUPER (ID=0x1f06)
    Vendor:   
    VRAM:     8031 MB
    Driver:   27.21.14.6611
Initialize mono
Mono path[0] = 'C:/Program Files/Unity/Hub/Editor/2020.2.4f1/Editor/Data/Managed'
Mono path[1] = 'C:/Program Files/Unity/Hub/Editor/2020.2.4f1/Editor/Data/MonoBleedingEdge/lib/mono/unityjit'
Mono config path = 'C:/Program Files/Unity/Hub/Editor/2020.2.4f1/Editor/Data/MonoBleedingEdge/etc'
Using monoOptions --debugger-agent=transport=dt_socket,embedding=1,server=y,suspend=n,address=127.0.0.1:56748
Begin MonoManager ReloadAssembly
Registering precompiled unity dll's ...
Register platform support module: C:/Program Files/Unity/Hub/Editor/2020.2.4f1/Editor/Data/PlaybackEngines/WebGLSupport/UnityEditor.WebGL.Extensions.dll
Register platform support module: C:/Program Files/Unity/Hub/Editor/2020.2.4f1/Editor/Data/PlaybackEngines/WindowsStandaloneSupport/UnityEditor.WindowsStandalone.Extensions.dll
Registered in 0.002674 seconds.
Native extension for WindowsStandalone target not found
Native extension for WebGL target not found
Refreshing native plugins compatible for Editor in 19.04 ms, found 0 plugins.
Preloading 0 native plugins for Editor in 0.00 ms.
Invoked RoslynAnalysisRunner static constructor.
RoslynAnalysisRunner will not be running.
RoslynAnalysisRunner has terminated.
Mono: successfully reloaded assembly
- Completed reload, in  1.751 seconds
Platform modules already initialized, skipping
Registering precompiled user dll's ...
Registered in 0.000428 seconds.
Begin MonoManager ReloadAssembly
Native extension for WindowsStandalone target not found
Native extension for WebGL target not found
Refreshing native plugins compatible for Editor in 0.21 ms, found 0 plugins.
Preloading 0 native plugins for Editor in 0.00 ms.
Invoked RoslynAnalysisRunner static constructor.
RoslynAnalysisRunner will not be running.
RoslynAnalysisRunner has terminated.
Mono: successfully reloaded assembly
- Completed reload, in  0.680 seconds
Platform modules already initialized, skipping
========================================================================
Worker process is ready to serve import requests
Launched and connected shader compiler UnityShaderCompiler.exe after 0.04 seconds
Refreshing native plugins compatible for Editor in 0.21 ms, found 0 plugins.
Preloading 0 native plugins for Editor in 0.00 ms.
Unloading 1104 Unused Serialized files (Serialized files now loaded: 0)
System memory in use before: 56.6 MB.
System memory in use after: 56.6 MB.

Unloading 10 unused Assets to reduce memory usage. Loaded Objects now: 1545.
Total: 1.723200 ms (FindLiveObjects: 0.183400 ms CreateObjectMapping: 0.073000 ms MarkObjects: 1.409500 ms  DeleteObjects: 0.056000 ms)

========================================================================
Received Import Request.
  path: Assets
  artifactKey: Guid(00000000000000001000000000000000) Importer(815301076,1909f56bfc062723c751e8b465ee728b)
Start importing Assets using Guid(00000000000000001000000000000000) Importer(815301076,1909f56bfc062723c751e8b465ee728b)  -> (artifact id: 'edc3feb264a98656617d3c2cb59c8f16') in 0.008713 seconds
  Import took 0.030351 seconds .

========================================================================
Received Import Request.
  Time since last request: 2.265226 seconds.
  path: Assets/Scripts
  artifactKey: Guid(fc00eddfa120c9846897703fd3ea7f2a) Importer(815301076,1909f56bfc062723c751e8b465ee728b)
Start importing Assets/Scripts using Guid(fc00eddfa120c9846897703fd3ea7f2a) Importer(815301076,1909f56bfc062723c751e8b465ee728b)  -> (artifact id: '7c1eca5de80b63e01e7291ed0c92dba9') in 0.005578 seconds
  Import took 0.010250 seconds .

========================================================================
Received Import Request.
  Time since last request: 7.535704 seconds.
  path: Assets/Prefabs
  artifactKey: Guid(3b7e22cec3859a3438973a1df4f1d984) Importer(815301076,1909f56bfc062723c751e8b465ee728b)
Start importing Assets/Prefabs using Guid(3b7e22cec3859a3438973a1df4f1d984) Importer(815301076,1909f56bfc062723c751e8b465ee728b)  -> (artifact id: '8742eb38cdcd00e3ab503fbb58576f21') in 0.005558 seconds
  Import took 0.007413 seconds .

========================================================================
Received Import Request.
  Time since last request: 173.696184 seconds.
  path: Assets/Prefabs/Tail.prefab
  artifactKey: Guid(70a3c5417a6c7b04e8ff368c8452fec4) Importer(815301076,1909f56bfc062723c751e8b465ee728b)
Start importing Assets/Prefabs/Tail.prefab using Guid(70a3c5417a6c7b04e8ff368c8452fec4) Importer(815301076,1909f56bfc062723c751e8b465ee728b)  -> (artifact id: '196c30ce10955e5a965bed069ef78a63') in 0.091152 seconds
  Import took 0.114702 seconds .

========================================================================
Received Import Request.
  Time since last request: 18.529313 seconds.
  path: Assets/Scripts/SnakeBehaviour.cs
  artifactKey: Guid(c725edb260fd65b4bb44c5fc13924283) Importer(815301076,1909f56bfc062723c751e8b465ee728b)
Start importing Assets/Scripts/SnakeBehaviour.cs using Guid(c725edb260fd65b4bb44c5fc13924283) Importer(815301076,1909f56bfc062723c751e8b465ee728b)  -> (artifact id: '76fb4464dfbe1efc2e267bc16564e3fb') in 0.016170 seconds
  Import took 0.033309 seconds .

========================================================================
Received Prepare
Registering precompiled user dll's ...
Registered in 0.000394 seconds.
Begin MonoManager ReloadAssembly
Native extension for WindowsStandalone target not found
Native extension for WebGL target not found
Refreshing native plugins compatible for Editor in 0.20 ms, found 0 plugins.
Preloading 0 native plugins for Editor in 0.00 ms.
Invoked RoslynAnalysisRunner static constructor.
RoslynAnalysisRunner will not be running.
RoslynAnalysisRunner has terminated.
Mono: successfully reloaded assembly
- Completed reload, in  0.607 seconds
Platform modules already initialized, skipping
Refreshing native plugins compatible for Editor in 0.22 ms, found 0 plugins.
Preloading 0 native plugins for Editor in 0.00 ms.
Unloading 1100 Unused Serialized files (Serialized files now loaded: 0)
System memory in use before: 59.7 MB.
System memory in use after: 59.8 MB.

Unloading 6 unused Assets to reduce memory usage. Loaded Objects now: 1556.
Total: 1.547300 ms (FindLiveObjects: 0.139900 ms CreateObjectMapping: 0.028800 ms MarkObjects: 1.330500 ms  DeleteObjects: 0.046800 ms)

========================================================================
Received Prepare
Registering precompiled user dll's ...
Registered in 0.000460 seconds.
Begin MonoManager ReloadAssembly
Native extension for WindowsStandalone target not found
Native extension for WebGL target not found
Refreshing native plugins compatible for Editor in 0.24 ms, found 0 plugins.
Preloading 0 native plugins for Editor in 0.00 ms.
Invoked RoslynAnalysisRunner static constructor.
RoslynAnalysisRunner will not be running.
RoslynAnalysisRunner has terminated.
Mono: successfully reloaded assembly
- Completed reload, in  0.562 seconds
Platform modules already initialized, skipping
Refreshing native plugins compatible for Editor in 0.23 ms, found 0 plugins.
Preloading 0 native plugins for Editor in 0.00 ms.
Unloading 1396 Unused Serialized files (Serialized files now loaded: 0)
System memory in use before: 69.3 MB.
System memory in use after: 69.4 MB.

Unloading 3 unused Assets to reduce memory usage. Loaded Objects now: 1852.
Total: 1.291800 ms (FindLiveObjects: 0.140700 ms CreateObjectMapping: 0.033100 ms MarkObjects: 1.074300 ms  DeleteObjects: 0.042500 ms)

AssetImportWorkerClient::OnTransportError - code=2 error=End of file
