Using pre-set license
Built from '2020.2/release' branch; Version is '2020.2.4f1 (becced5a802b) revision 12504301'; Using compiler version '192528614'; Build Type 'Release'
OS: 'Windows 10 Home; OS build 19041.928; Version 2004; 64bit' Language: 'en' Physical Memory: 16317 MB
BatchMode: 1, IsHumanControllingUs: 0, StartBugReporterOnCrash: 0, Is64bit: 1, IsPro: 0

 COMMAND LINE ARGUMENTS:
C:\Program Files\Unity\Hub\Editor\2020.2.4f1\Editor\Unity.exe
-adb2
-batchMode
-noUpm
-name
AssetImportWorker0
-projectPath
D:/Unity Projects/MorphosisEntity/GameEnginesJamFinal
-logFile
Logs/AssetImportWorker0.log
-srvPort
52784
Successfully changed project path to: D:/Unity Projects/MorphosisEntity/GameEnginesJamFinal
D:/Unity Projects/MorphosisEntity/GameEnginesJamFinal
Using Asset Import Pipeline V2.
Refreshing native plugins compatible for Editor in 22.20 ms, found 0 plugins.
Preloading 0 native plugins for Editor in 0.00 ms.
Initialize engine version: 2020.2.4f1 (becced5a802b)
[Subsystems] Discovering subsystems at path C:/Program Files/Unity/Hub/Editor/2020.2.4f1/Editor/Data/Resources/UnitySubsystems
[Subsystems] Discovering subsystems at path D:/Unity Projects/MorphosisEntity/GameEnginesJamFinal/Assets
GfxDevice: creating device client; threaded=0
Direct3D:
    Version:  Direct3D 11.0 [level 11.1]
    Renderer: NVIDIA GeForce RTX 2060 SUPER (ID=0x1f06)
    Vendor:   
    VRAM:     8031 MB
    Driver:   27.21.14.6611
Initialize mono
Mono path[0] = 'C:/Program Files/Unity/Hub/Editor/2020.2.4f1/Editor/Data/Managed'
Mono path[1] = 'C:/Program Files/Unity/Hub/Editor/2020.2.4f1/Editor/Data/MonoBleedingEdge/lib/mono/unityjit'
Mono config path = 'C:/Program Files/Unity/Hub/Editor/2020.2.4f1/Editor/Data/MonoBleedingEdge/etc'
Using monoOptions --debugger-agent=transport=dt_socket,embedding=1,server=y,suspend=n,address=127.0.0.1:56940
Begin MonoManager ReloadAssembly
Registering precompiled unity dll's ...
Register platform support module: C:/Program Files/Unity/Hub/Editor/2020.2.4f1/Editor/Data/PlaybackEngines/WebGLSupport/UnityEditor.WebGL.Extensions.dll
Register platform support module: C:/Program Files/Unity/Hub/Editor/2020.2.4f1/Editor/Data/PlaybackEngines/WindowsStandaloneSupport/UnityEditor.WindowsStandalone.Extensions.dll
Registered in 0.002548 seconds.
Native extension for WindowsStandalone target not found
Native extension for WebGL target not found
Refreshing native plugins compatible for Editor in 22.71 ms, found 0 plugins.
Preloading 0 native plugins for Editor in 0.00 ms.
Invoked RoslynAnalysisRunner static constructor.
RoslynAnalysisRunner will not be running.
RoslynAnalysisRunner has terminated.
Mono: successfully reloaded assembly
- Completed reload, in  1.779 seconds
Platform modules already initialized, skipping
Registering precompiled user dll's ...
Registered in 0.000619 seconds.
Begin MonoManager ReloadAssembly
Native extension for WindowsStandalone target not found
Native extension for WebGL target not found
Refreshing native plugins compatible for Editor in 24.63 ms, found 0 plugins.
Preloading 0 native plugins for Editor in 0.00 ms.
Invoked RoslynAnalysisRunner static constructor.
RoslynAnalysisRunner will not be running.
RoslynAnalysisRunner has terminated.
Mono: successfully reloaded assembly
- Completed reload, in  0.802 seconds
Platform modules already initialized, skipping
========================================================================
Worker process is ready to serve import requests
Launched and connected shader compiler UnityShaderCompiler.exe after 0.04 seconds
Refreshing native plugins compatible for Editor in 0.23 ms, found 0 plugins.
Preloading 0 native plugins for Editor in 0.00 ms.
Unloading 1401 Unused Serialized files (Serialized files now loaded: 0)
System memory in use before: 67.0 MB.
System memory in use after: 67.0 MB.

Unloading 12 unused Assets to reduce memory usage. Loaded Objects now: 1844.
Total: 1.709500 ms (FindLiveObjects: 0.164900 ms CreateObjectMapping: 0.038900 ms MarkObjects: 1.441400 ms  DeleteObjects: 0.062900 ms)

========================================================================
Received Import Request.
  path: Assets/MorphosisEntityInput.inputactions
  artifactKey: Guid(25cc928aea36bfa4a810bd61cc2bd35e) Importer(815301076,1909f56bfc062723c751e8b465ee728b)
Start importing Assets/MorphosisEntityInput.inputactions using Guid(25cc928aea36bfa4a810bd61cc2bd35e) Importer(815301076,1909f56bfc062723c751e8b465ee728b)  -> (artifact id: 'b0940aca4b95a58c2e267f970df34e83') in 0.034675 seconds
  Import took 0.036924 seconds .

========================================================================
Received Prepare
Registering precompiled user dll's ...
Registered in 0.000426 seconds.
Begin MonoManager ReloadAssembly
Native extension for WindowsStandalone target not found
Native extension for WebGL target not found
Refreshing native plugins compatible for Editor in 0.26 ms, found 0 plugins.
Preloading 0 native plugins for Editor in 0.00 ms.
Invoked RoslynAnalysisRunner static constructor.
RoslynAnalysisRunner will not be running.
RoslynAnalysisRunner has terminated.
Mono: successfully reloaded assembly
- Completed reload, in  0.728 seconds
Platform modules already initialized, skipping
Refreshing native plugins compatible for Editor in 0.27 ms, found 0 plugins.
Preloading 0 native plugins for Editor in 0.00 ms.
Unloading 1396 Unused Serialized files (Serialized files now loaded: 0)
System memory in use before: 67.1 MB.
System memory in use after: 67.2 MB.

Unloading 5 unused Assets to reduce memory usage. Loaded Objects now: 1846.
Total: 1.679400 ms (FindLiveObjects: 0.164900 ms CreateObjectMapping: 0.031900 ms MarkObjects: 1.428100 ms  DeleteObjects: 0.053500 ms)

========================================================================
Received Prepare
Registering precompiled user dll's ...
Registered in 0.000519 seconds.
Begin MonoManager ReloadAssembly
Native extension for WindowsStandalone target not found
Native extension for WebGL target not found
Refreshing native plugins compatible for Editor in 0.24 ms, found 0 plugins.
Preloading 0 native plugins for Editor in 0.00 ms.
Invoked RoslynAnalysisRunner static constructor.
RoslynAnalysisRunner will not be running.
RoslynAnalysisRunner has terminated.
Mono: successfully reloaded assembly
- Completed reload, in  0.657 seconds
Platform modules already initialized, skipping
Refreshing native plugins compatible for Editor in 0.26 ms, found 0 plugins.
Preloading 0 native plugins for Editor in 0.00 ms.
Unloading 1396 Unused Serialized files (Serialized files now loaded: 0)
System memory in use before: 67.1 MB.
System memory in use after: 67.2 MB.

Unloading 5 unused Assets to reduce memory usage. Loaded Objects now: 1848.
Total: 1.796600 ms (FindLiveObjects: 0.239600 ms CreateObjectMapping: 0.033500 ms MarkObjects: 1.464000 ms  DeleteObjects: 0.058300 ms)

========================================================================
Received Prepare
Registering precompiled user dll's ...
Registered in 0.000602 seconds.
Begin MonoManager ReloadAssembly
Native extension for WindowsStandalone target not found
Native extension for WebGL target not found
Refreshing native plugins compatible for Editor in 0.23 ms, found 0 plugins.
Preloading 0 native plugins for Editor in 0.00 ms.
Invoked RoslynAnalysisRunner static constructor.
RoslynAnalysisRunner will not be running.
RoslynAnalysisRunner has terminated.
Mono: successfully reloaded assembly
- Completed reload, in  0.657 seconds
Platform modules already initialized, skipping
Refreshing native plugins compatible for Editor in 0.30 ms, found 0 plugins.
Preloading 0 native plugins for Editor in 0.00 ms.
Unloading 1396 Unused Serialized files (Serialized files now loaded: 0)
System memory in use before: 67.2 MB.
System memory in use after: 67.2 MB.

Unloading 5 unused Assets to reduce memory usage. Loaded Objects now: 1850.
Total: 1.650900 ms (FindLiveObjects: 0.163000 ms CreateObjectMapping: 0.031400 ms MarkObjects: 1.414500 ms  DeleteObjects: 0.040900 ms)

========================================================================
Received Import Request.
  Time since last request: 949.028722 seconds.
  path: ProjectSettings/TagManager.asset
  artifactKey: Guid(00000000000000003000000000000000) Importer(815301076,1909f56bfc062723c751e8b465ee728b)
Start importing ProjectSettings/TagManager.asset using Guid(00000000000000003000000000000000) Importer(815301076,1909f56bfc062723c751e8b465ee728b)  -> (artifact id: 'd7fc6db537de490c66388a0e179d6586') in 0.015427 seconds
  Import took 0.018113 seconds .

========================================================================
Received Import Request.
  Time since last request: 24.083852 seconds.
  path: Assets/Materials
  artifactKey: Guid(c4df359af7fe0d842a2a0aa063f2490b) Importer(815301076,1909f56bfc062723c751e8b465ee728b)
Start importing Assets/Materials using Guid(c4df359af7fe0d842a2a0aa063f2490b) Importer(815301076,1909f56bfc062723c751e8b465ee728b)  -> (artifact id: 'a29ed508a80e4bd0018b2dfffa1ec97b') in 0.006384 seconds
  Import took 0.008697 seconds .

========================================================================
Received Import Request.
  Time since last request: 0.003102 seconds.
  path: Assets/Materials
  artifactKey: Guid(c4df359af7fe0d842a2a0aa063f2490b) Importer(815301076,1909f56bfc062723c751e8b465ee728b)
Start importing Assets/Materials using Guid(c4df359af7fe0d842a2a0aa063f2490b) Importer(815301076,1909f56bfc062723c751e8b465ee728b)  -> (artifact id: 'a29ed508a80e4bd0018b2dfffa1ec97b') in 0.002327 seconds
  Import took 0.004546 seconds .

========================================================================
Received Import Request.
  Time since last request: 9.290285 seconds.
  path: Assets/Materials/FoodMaterial.mat
  artifactKey: Guid(f454504447272a048ab050b348e08be6) Importer(815301076,1909f56bfc062723c751e8b465ee728b)
Start importing Assets/Materials/FoodMaterial.mat using Guid(f454504447272a048ab050b348e08be6) Importer(815301076,1909f56bfc062723c751e8b465ee728b)  -> (artifact id: '601353b9cfbc0e029ad7a2abc67a10e2') in 0.079203 seconds
  Import took 0.081735 seconds .

========================================================================
Received Prepare
Registering precompiled user dll's ...
Registered in 0.000848 seconds.
Begin MonoManager ReloadAssembly
Native extension for WindowsStandalone target not found
Native extension for WebGL target not found
Refreshing native plugins compatible for Editor in 0.27 ms, found 0 plugins.
Preloading 0 native plugins for Editor in 0.00 ms.
Invoked RoslynAnalysisRunner static constructor.
RoslynAnalysisRunner will not be running.
RoslynAnalysisRunner has terminated.
Mono: successfully reloaded assembly
- Completed reload, in  0.652 seconds
Platform modules already initialized, skipping
Refreshing native plugins compatible for Editor in 0.24 ms, found 0 plugins.
Preloading 0 native plugins for Editor in 0.00 ms.
Unloading 1396 Unused Serialized files (Serialized files now loaded: 0)
System memory in use before: 70.5 MB.
System memory in use after: 70.6 MB.

Unloading 6 unused Assets to reduce memory usage. Loaded Objects now: 1892.
Total: 1.600300 ms (FindLiveObjects: 0.131300 ms CreateObjectMapping: 0.031400 ms MarkObjects: 1.393000 ms  DeleteObjects: 0.043400 ms)

========================================================================
Received Prepare
Registering precompiled user dll's ...
Registered in 0.000549 seconds.
Begin MonoManager ReloadAssembly
Native extension for WindowsStandalone target not found
Native extension for WebGL target not found
Refreshing native plugins compatible for Editor in 0.24 ms, found 0 plugins.
Preloading 0 native plugins for Editor in 0.00 ms.
Invoked RoslynAnalysisRunner static constructor.
RoslynAnalysisRunner will not be running.
RoslynAnalysisRunner has terminated.
Mono: successfully reloaded assembly
- Completed reload, in  0.636 seconds
Platform modules already initialized, skipping
Refreshing native plugins compatible for Editor in 0.25 ms, found 0 plugins.
Preloading 0 native plugins for Editor in 0.00 ms.
Unloading 1396 Unused Serialized files (Serialized files now loaded: 0)
System memory in use before: 70.5 MB.
System memory in use after: 70.6 MB.

Unloading 5 unused Assets to reduce memory usage. Loaded Objects now: 1894.
Total: 1.744000 ms (FindLiveObjects: 0.186700 ms CreateObjectMapping: 0.035800 ms MarkObjects: 1.470700 ms  DeleteObjects: 0.049800 ms)

========================================================================
Received Import Request.
  Time since last request: 416.717518 seconds.
  path: Assets/Prefabs/Food.prefab
  artifactKey: Guid(b1012bf415ec692458ebfd97de28a885) Importer(815301076,1909f56bfc062723c751e8b465ee728b)
Start importing Assets/Prefabs/Food.prefab using Guid(b1012bf415ec692458ebfd97de28a885) Importer(815301076,1909f56bfc062723c751e8b465ee728b)  -> (artifact id: 'ff844546f2b110775cc7019207c44a4a') in 0.048912 seconds
  Import took 0.051105 seconds .

========================================================================
Received Import Request.
  Time since last request: 34.161501 seconds.
  path: Assets/Scripts/PickupSpawner.cs
  artifactKey: Guid(6fdb411700919e84f81fd3c7452d056a) Importer(815301076,1909f56bfc062723c751e8b465ee728b)
Start importing Assets/Scripts/PickupSpawner.cs using Guid(6fdb411700919e84f81fd3c7452d056a) Importer(815301076,1909f56bfc062723c751e8b465ee728b)  -> (artifact id: 'bd52221e1d894e5e94e61049bdb68215') in 0.010452 seconds
  Import took 0.029406 seconds .

========================================================================
Received Prepare
Registering precompiled user dll's ...
Registered in 0.000933 seconds.
Begin MonoManager ReloadAssembly
Native extension for WindowsStandalone target not found
Native extension for WebGL target not found
Refreshing native plugins compatible for Editor in 0.23 ms, found 0 plugins.
Preloading 0 native plugins for Editor in 0.00 ms.
Invoked RoslynAnalysisRunner static constructor.
RoslynAnalysisRunner will not be running.
RoslynAnalysisRunner has terminated.
Mono: successfully reloaded assembly
- Completed reload, in  0.653 seconds
Platform modules already initialized, skipping
Refreshing native plugins compatible for Editor in 0.29 ms, found 0 plugins.
Preloading 0 native plugins for Editor in 0.00 ms.
Unloading 1397 Unused Serialized files (Serialized files now loaded: 0)
System memory in use before: 70.6 MB.
System memory in use after: 70.7 MB.

Unloading 5 unused Assets to reduce memory usage. Loaded Objects now: 1899.
Total: 1.688100 ms (FindLiveObjects: 0.169900 ms CreateObjectMapping: 0.031700 ms MarkObjects: 1.437800 ms  DeleteObjects: 0.047200 ms)

========================================================================
Received Prepare
Registering precompiled user dll's ...
Registered in 0.000510 seconds.
Begin MonoManager ReloadAssembly
Native extension for WindowsStandalone target not found
Native extension for WebGL target not found
Refreshing native plugins compatible for Editor in 0.32 ms, found 0 plugins.
Preloading 0 native plugins for Editor in 0.00 ms.
Invoked RoslynAnalysisRunner static constructor.
RoslynAnalysisRunner will not be running.
RoslynAnalysisRunner has terminated.
Mono: successfully reloaded assembly
- Completed reload, in  0.651 seconds
Platform modules already initialized, skipping
Refreshing native plugins compatible for Editor in 0.24 ms, found 0 plugins.
Preloading 0 native plugins for Editor in 0.00 ms.
Unloading 1397 Unused Serialized files (Serialized files now loaded: 0)
System memory in use before: 70.6 MB.
System memory in use after: 70.7 MB.

Unloading 5 unused Assets to reduce memory usage. Loaded Objects now: 1901.
Total: 1.666500 ms (FindLiveObjects: 0.159000 ms CreateObjectMapping: 0.031200 ms MarkObjects: 1.426700 ms  DeleteObjects: 0.048500 ms)

========================================================================
Received Import Request.
  Time since last request: 236.913342 seconds.
  path: Assets/Scripts/PickupSpawner.cs
  artifactKey: Guid(6fdb411700919e84f81fd3c7452d056a) Importer(815301076,1909f56bfc062723c751e8b465ee728b)
Start importing Assets/Scripts/PickupSpawner.cs using Guid(6fdb411700919e84f81fd3c7452d056a) Importer(815301076,1909f56bfc062723c751e8b465ee728b)  -> (artifact id: '233efa31af8108987d8fcdebf8cefcbd') in 0.004436 seconds
  Import took 0.019898 seconds .

========================================================================
Received Prepare
Registering precompiled user dll's ...
Registered in 0.000499 seconds.
Begin MonoManager ReloadAssembly
Native extension for WindowsStandalone target not found
Native extension for WebGL target not found
Refreshing native plugins compatible for Editor in 0.28 ms, found 0 plugins.
Preloading 0 native plugins for Editor in 0.00 ms.
Invoked RoslynAnalysisRunner static constructor.
RoslynAnalysisRunner will not be running.
RoslynAnalysisRunner has terminated.
Mono: successfully reloaded assembly
- Completed reload, in  0.623 seconds
Platform modules already initialized, skipping
Refreshing native plugins compatible for Editor in 0.23 ms, found 0 plugins.
Preloading 0 native plugins for Editor in 0.00 ms.
Unloading 1397 Unused Serialized files (Serialized files now loaded: 0)
System memory in use before: 70.6 MB.
System memory in use after: 70.7 MB.

Unloading 5 unused Assets to reduce memory usage. Loaded Objects now: 1903.
Total: 1.607000 ms (FindLiveObjects: 0.150200 ms CreateObjectMapping: 0.032400 ms MarkObjects: 1.378900 ms  DeleteObjects: 0.044400 ms)

========================================================================
Received Prepare
Registering precompiled user dll's ...
Registered in 0.001011 seconds.
Begin MonoManager ReloadAssembly
Native extension for WindowsStandalone target not found
Native extension for WebGL target not found
Refreshing native plugins compatible for Editor in 0.27 ms, found 0 plugins.
Preloading 0 native plugins for Editor in 0.00 ms.
Invoked RoslynAnalysisRunner static constructor.
RoslynAnalysisRunner will not be running.
RoslynAnalysisRunner has terminated.
Mono: successfully reloaded assembly
- Completed reload, in  0.652 seconds
Platform modules already initialized, skipping
Refreshing native plugins compatible for Editor in 0.27 ms, found 0 plugins.
Preloading 0 native plugins for Editor in 0.00 ms.
Unloading 1411 Unused Serialized files (Serialized files now loaded: 0)
System memory in use before: 71.1 MB.
System memory in use after: 71.2 MB.

Unloading 8 unused Assets to reduce memory usage. Loaded Objects now: 1917.
Total: 1.644600 ms (FindLiveObjects: 0.152300 ms CreateObjectMapping: 0.034200 ms MarkObjects: 1.392600 ms  DeleteObjects: 0.064600 ms)

========================================================================
Received Import Request.
  Time since last request: 524.635243 seconds.
  path: Assets/JMO Assets/Cartoon FX
  artifactKey: Guid(c865e48369a325f4784ecd8444d1ec51) Importer(815301076,1909f56bfc062723c751e8b465ee728b)
Start importing Assets/JMO Assets/Cartoon FX using Guid(c865e48369a325f4784ecd8444d1ec51) Importer(815301076,1909f56bfc062723c751e8b465ee728b)  -> (artifact id: '31523ee2ed4a55f63fbfadbb00df5b5f') in 0.008688 seconds
  Import took 0.010934 seconds .

========================================================================
Received Import Request.
  Time since last request: 1.833420 seconds.
  path: Assets/JMO Assets/Cartoon FX/CFX2 Prefabs
  artifactKey: Guid(84d86077ce20b3d408f08f7cc5cfb4ea) Importer(815301076,1909f56bfc062723c751e8b465ee728b)
Start importing Assets/JMO Assets/Cartoon FX/CFX2 Prefabs using Guid(84d86077ce20b3d408f08f7cc5cfb4ea) Importer(815301076,1909f56bfc062723c751e8b465ee728b)  -> (artifact id: '6f5021585ea16d91b952b91aba322aa4') in 0.006288 seconds
  Import took 0.008491 seconds .

========================================================================
Received Import Request.
  Time since last request: 4.915753 seconds.
  path: Assets/JMO Assets/Cartoon FX/CFX Prefabs
  artifactKey: Guid(f348a2fb2f8a7fe4e82fb08818415884) Importer(815301076,1909f56bfc062723c751e8b465ee728b)
Start importing Assets/JMO Assets/Cartoon FX/CFX Prefabs using Guid(f348a2fb2f8a7fe4e82fb08818415884) Importer(815301076,1909f56bfc062723c751e8b465ee728b)  -> (artifact id: 'e075f983df570d7a469c553604f76538') in 0.006710 seconds
  Import took 0.009041 seconds .

========================================================================
Received Import Request.
  Time since last request: 3.335890 seconds.
  path: Assets/JMO Assets/Cartoon FX/CFX Prefabs/Electric
  artifactKey: Guid(715add6d7a2eff443bf0aee3cf26e7fc) Importer(815301076,1909f56bfc062723c751e8b465ee728b)
Start importing Assets/JMO Assets/Cartoon FX/CFX Prefabs/Electric using Guid(715add6d7a2eff443bf0aee3cf26e7fc) Importer(815301076,1909f56bfc062723c751e8b465ee728b)  -> (artifact id: '134219a3b9728dee41d5b24401e761e3') in 0.006570 seconds
  Import took 0.008879 seconds .

========================================================================
Received Import Request.
  Time since last request: 1.030539 seconds.
  path: Assets/JMO Assets/Cartoon FX/CFX Prefabs/Electric/CFX_ElectricityBall.prefab
  artifactKey: Guid(77ec3c4e07a36814fb3169ecef41b50a) Importer(815301076,1909f56bfc062723c751e8b465ee728b)
Start importing Assets/JMO Assets/Cartoon FX/CFX Prefabs/Electric/CFX_ElectricityBall.prefab using Guid(77ec3c4e07a36814fb3169ecef41b50a) Importer(815301076,1909f56bfc062723c751e8b465ee728b)  -> (artifact id: '0853b24101212b5e6cbec4fadf2eea2a') in 0.022773 seconds
  Import took 0.025165 seconds .

========================================================================
Received Import Request.
  Time since last request: 0.022069 seconds.
  path: Assets/JMO Assets/Cartoon FX/CFX Prefabs/Electric/CFX_ElectricityBall.prefab
  artifactKey: Guid(77ec3c4e07a36814fb3169ecef41b50a) Importer(815301076,1909f56bfc062723c751e8b465ee728b)
Start importing Assets/JMO Assets/Cartoon FX/CFX Prefabs/Electric/CFX_ElectricityBall.prefab using Guid(77ec3c4e07a36814fb3169ecef41b50a) Importer(815301076,1909f56bfc062723c751e8b465ee728b)  -> (artifact id: '0853b24101212b5e6cbec4fadf2eea2a') in 0.003996 seconds
  Import took 0.006248 seconds .

========================================================================
Received Import Request.
  Time since last request: 0.006137 seconds.
  path: Assets/JMO Assets/Cartoon FX/Materials/Animated/CFX_Anim_Electricity_Add.mat
  artifactKey: Guid(fcb97c6faf083ca4f978210036f3832b) Importer(815301076,1909f56bfc062723c751e8b465ee728b)
Start importing Assets/JMO Assets/Cartoon FX/Materials/Animated/CFX_Anim_Electricity_Add.mat using Guid(fcb97c6faf083ca4f978210036f3832b) Importer(815301076,1909f56bfc062723c751e8b465ee728b)  -> (artifact id: '1ece2799ef3bbf3ab423f5aee79bb61c') in 0.060402 seconds
  Import took 0.062750 seconds .

========================================================================
Received Import Request.
  Time since last request: 41.869528 seconds.
  path: Assets/JMO Assets/Cartoon FX/CFX Prefabs/Hits
  artifactKey: Guid(45653d11d228e594498b3d9119285e35) Importer(815301076,1909f56bfc062723c751e8b465ee728b)
Start importing Assets/JMO Assets/Cartoon FX/CFX Prefabs/Hits using Guid(45653d11d228e594498b3d9119285e35) Importer(815301076,1909f56bfc062723c751e8b465ee728b)  -> (artifact id: '8960488caacde57d0750bb2c0f66565e') in 0.006692 seconds
  Import took 0.009679 seconds .

========================================================================
Received Import Request.
  Time since last request: 0.000664 seconds.
  path: Assets/JMO Assets/Cartoon FX/CFX Prefabs/Hits
  artifactKey: Guid(45653d11d228e594498b3d9119285e35) Importer(815301076,1909f56bfc062723c751e8b465ee728b)
Start importing Assets/JMO Assets/Cartoon FX/CFX Prefabs/Hits using Guid(45653d11d228e594498b3d9119285e35) Importer(815301076,1909f56bfc062723c751e8b465ee728b)  -> (artifact id: '8960488caacde57d0750bb2c0f66565e') in 0.003246 seconds
  Import took 0.005815 seconds .

========================================================================
Received Import Request.
  Time since last request: 1.451083 seconds.
  path: Assets/JMO Assets/Cartoon FX/CFX Prefabs/Hits/CFX_Hit_C White.prefab
  artifactKey: Guid(f06e78284f831ae469c74624ab5d513b) Importer(815301076,1909f56bfc062723c751e8b465ee728b)
Start importing Assets/JMO Assets/Cartoon FX/CFX Prefabs/Hits/CFX_Hit_C White.prefab using Guid(f06e78284f831ae469c74624ab5d513b) Importer(815301076,1909f56bfc062723c751e8b465ee728b)  -> (artifact id: 'd80edee40451d1190fadd7b33fb6df3d') in 0.007367 seconds
  Import took 0.009664 seconds .

========================================================================
Received Import Request.
  Time since last request: 0.002472 seconds.
  path: Assets/JMO Assets/Cartoon FX/Materials/Animated/CFX_Anim_Triangle_AddSoft.mat
  artifactKey: Guid(944bc1016f6ac38439ec1bf04fab9550) Importer(815301076,1909f56bfc062723c751e8b465ee728b)
Start importing Assets/JMO Assets/Cartoon FX/Materials/Animated/CFX_Anim_Triangle_AddSoft.mat using Guid(944bc1016f6ac38439ec1bf04fab9550) Importer(815301076,1909f56bfc062723c751e8b465ee728b)  -> (artifact id: 'ad613005dc8641434b31d375bed27437') in 0.029430 seconds
  Import took 0.031525 seconds .

========================================================================
Received Import Request.
  Time since last request: 12.998437 seconds.
  path: Assets/JMO Assets/Cartoon FX/CFX3 Prefabs
  artifactKey: Guid(9358d72e9ab0589469b7c81a782cb400) Importer(815301076,1909f56bfc062723c751e8b465ee728b)
Start importing Assets/JMO Assets/Cartoon FX/CFX3 Prefabs using Guid(9358d72e9ab0589469b7c81a782cb400) Importer(815301076,1909f56bfc062723c751e8b465ee728b)  -> (artifact id: '9d1ea4524ee484ca25254790e1d1a6bb') in 0.006262 seconds
  Import took 0.008667 seconds .

========================================================================
Received Import Request.
  Time since last request: 3.401438 seconds.
  path: Assets/JMO Assets/Cartoon FX/CFX3 Prefabs/Magic Misc
  artifactKey: Guid(485ad37d4a7ce3d489ccf0e2c5feae58) Importer(815301076,1909f56bfc062723c751e8b465ee728b)
Start importing Assets/JMO Assets/Cartoon FX/CFX3 Prefabs/Magic Misc using Guid(485ad37d4a7ce3d489ccf0e2c5feae58) Importer(815301076,1909f56bfc062723c751e8b465ee728b)  -> (artifact id: 'e93f85278296b492520e681f1c3f7a35') in 0.006485 seconds
  Import took 0.008749 seconds .

========================================================================
Received Import Request.
  Time since last request: 3.164436 seconds.
  path: Assets/JMO Assets/Cartoon FX/Materials/Light/CFX3_AuraRunic ADD.mat
  artifactKey: Guid(5bf91ad953f78d54baebb31d5f5ae4a5) Importer(815301076,1909f56bfc062723c751e8b465ee728b)
Start importing Assets/JMO Assets/Cartoon FX/Materials/Light/CFX3_AuraRunic ADD.mat using Guid(5bf91ad953f78d54baebb31d5f5ae4a5) Importer(815301076,1909f56bfc062723c751e8b465ee728b)  -> (artifact id: '5ab19b2c1da5e585ce86d2a48244636f') in 0.013109 seconds
  Import took 0.074015 seconds .

========================================================================
Received Import Request.
  Time since last request: 447.806147 seconds.
  path: Assets/Materials/MiniMapRender.renderTexture
  artifactKey: Guid(c28e2e23b08d6fc4d84a52906f14952d) Importer(815301076,1909f56bfc062723c751e8b465ee728b)
Start importing Assets/Materials/MiniMapRender.renderTexture using Guid(c28e2e23b08d6fc4d84a52906f14952d) Importer(815301076,1909f56bfc062723c751e8b465ee728b)  -> (artifact id: 'dc63d0ee5661eecd6f0cd348c7cf54b5') in 0.018115 seconds
  Import took 0.020625 seconds .

========================================================================
Received Import Request.
  Time since last request: 344.960999 seconds.
  path: ProjectSettings/TagManager.asset
  artifactKey: Guid(00000000000000003000000000000000) Importer(815301076,1909f56bfc062723c751e8b465ee728b)
Start importing ProjectSettings/TagManager.asset using Guid(00000000000000003000000000000000) Importer(815301076,1909f56bfc062723c751e8b465ee728b)  -> (artifact id: '4270a3d2f116229442a7fbcc01b3bf32') in 0.007543 seconds
  Import took 0.010105 seconds .

========================================================================
Received Import Request.
  Time since last request: 79.013457 seconds.
  path: Assets/Prefabs/ElectricPickup.prefab
  artifactKey: Guid(57fc5437d5d74524f9af5d726869e808) Importer(815301076,1909f56bfc062723c751e8b465ee728b)
Start importing Assets/Prefabs/ElectricPickup.prefab using Guid(57fc5437d5d74524f9af5d726869e808) Importer(815301076,1909f56bfc062723c751e8b465ee728b)  -> (artifact id: '96b1c71f482295eb249c16dbd61eac2b') in 0.017082 seconds
  Import took 0.020431 seconds .

========================================================================
Received Import Request.
  Time since last request: 0.005403 seconds.
  path: Assets/Prefabs/ElectricPickup.prefab
  artifactKey: Guid(57fc5437d5d74524f9af5d726869e808) Importer(815301076,1909f56bfc062723c751e8b465ee728b)
Start importing Assets/Prefabs/ElectricPickup.prefab using Guid(57fc5437d5d74524f9af5d726869e808) Importer(815301076,1909f56bfc062723c751e8b465ee728b)  -> (artifact id: '96b1c71f482295eb249c16dbd61eac2b') in 0.009945 seconds
  Import took 0.012354 seconds .

========================================================================
Received Prepare
Registering precompiled user dll's ...
Registered in 0.000912 seconds.
Begin MonoManager ReloadAssembly
Native extension for WindowsStandalone target not found
Native extension for WebGL target not found
Refreshing native plugins compatible for Editor in 0.28 ms, found 0 plugins.
Preloading 0 native plugins for Editor in 0.00 ms.
Invoked RoslynAnalysisRunner static constructor.
RoslynAnalysisRunner will not be running.
RoslynAnalysisRunner has terminated.
Mono: successfully reloaded assembly
- Completed reload, in  0.650 seconds
Platform modules already initialized, skipping
Refreshing native plugins compatible for Editor in 0.27 ms, found 0 plugins.
Preloading 0 native plugins for Editor in 0.00 ms.
Unloading 1411 Unused Serialized files (Serialized files now loaded: 0)
System memory in use before: 71.3 MB.
System memory in use after: 71.3 MB.

Unloading 9 unused Assets to reduce memory usage. Loaded Objects now: 1925.
Total: 1.601400 ms (FindLiveObjects: 0.138000 ms CreateObjectMapping: 0.031500 ms MarkObjects: 1.363600 ms  DeleteObjects: 0.067300 ms)

========================================================================
Received Prepare
Registering precompiled user dll's ...
Registered in 0.000877 seconds.
Begin MonoManager ReloadAssembly
Native extension for WindowsStandalone target not found
Native extension for WebGL target not found
Refreshing native plugins compatible for Editor in 0.27 ms, found 0 plugins.
Preloading 0 native plugins for Editor in 0.00 ms.
Invoked RoslynAnalysisRunner static constructor.
RoslynAnalysisRunner will not be running.
RoslynAnalysisRunner has terminated.
Mono: successfully reloaded assembly
- Completed reload, in  0.639 seconds
Platform modules already initialized, skipping
Refreshing native plugins compatible for Editor in 0.28 ms, found 0 plugins.
Preloading 0 native plugins for Editor in 0.00 ms.
Unloading 1411 Unused Serialized files (Serialized files now loaded: 0)
System memory in use before: 71.3 MB.
System memory in use after: 71.3 MB.

Unloading 8 unused Assets to reduce memory usage. Loaded Objects now: 1927.
Total: 1.864700 ms (FindLiveObjects: 0.176400 ms CreateObjectMapping: 0.033500 ms MarkObjects: 1.560600 ms  DeleteObjects: 0.093100 ms)

AssetImportWorkerClient::OnTransportError - code=2 error=End of file
